<!DOCTYPE html PUBLIC "-//W3C//DTD XHTML 1.1//EN" "https://www.w3.org/TR/xhtml11/DTD/xhtml11.dtd">
<html xmlns="https://www.w3.org/1999/xhtml">
<head>
<meta http-equiv="content-type" content="text/html; charset=UTF-8"/>
<title>TestNG Report</title>
<style type="text/css">table {margin-bottom:10px;border-collapse:collapse;empty-cells:show}th,td {border:1px solid #009;padding:.25em .5em}th {vertical-align:bottom}td {vertical-align:top}table a {font-weight:bold}.stripe td {background-color: #E6EBF9}.num {text-align:right}.passedodd td {background-color: #3F3}.passedeven td {background-color: #0A0}.skippedodd td {background-color: #DDD}.skippedeven td {background-color: #CCC}.failedodd td,.attn {background-color: #F33}.failedeven td,.stripe .attn {background-color: #D00}.stacktrace {white-space:pre;font-family:monospace}.totop {font-size:85%;text-align:center;border-bottom:2px solid #000}.invisible {display:none}</style>
</head>
<body>
<table>
<tr><th>Test</th><th># Passed</th><th># Skipped</th><th># Retried</th><th># Failed</th><th>Time (ms)</th><th>Included Groups</th><th>Excluded Groups</th></tr>
<tr><th colspan="8">Suite</th></tr>
<tr><td><a href="#t0">Test</a></td><td class="num">18</td><td class="num">0</td><td class="num">0</td><td class="num attn">6</td><td class="num">1,533,170</td><td></td><td></td></tr>
</table>
<table id='summary'><thead><tr><th>Class</th><th>Method</th><th>Start</th><th>Time (ms)</th></tr></thead><tbody><tr><th colspan="4">Suite</th></tr></tbody><tbody id="t0"><tr><th colspan="4">Test &#8212; failed</th></tr><tr class="failedeven"><td rowspan="1">testcases.Admin</td><td><a href="#m0">TC01_Admin_SearchUserByNameAndRole</a></td><td rowspan="1">1710502377579</td><td rowspan="1">12389</td></tr><tr class="failedodd"><td rowspan="3">testcases.Recruitment</td><td><a href="#m1">TC01_Recruitment_AddVacancy</a></td><td rowspan="1">1710503338626</td><td rowspan="1">60192</td></tr><tr class="failedodd"><td><a href="#m2">TC02_Recruitment_AddCandidate</a></td><td rowspan="1">1710503400872</td><td rowspan="1">243384</td></tr><tr class="failedodd"><td><a href="#m3">TC03_Recruitment_ShortlistCandidate</a></td><td rowspan="1">1710503645970</td><td rowspan="1">225876</td></tr><tr class="failedeven"><td rowspan="2">testcases.Time</td><td><a href="#m4">TC01_Time_CreateTimesheet</a></td><td rowspan="1">1710502820021</td><td rowspan="1">225214</td></tr><tr class="failedeven"><td><a href="#m5">TC02_Time_CreateTimesheetWithMultipleProjects</a></td><td rowspan="1">1710503047037</td><td rowspan="1">226469</td></tr><tr><th colspan="4">Test &#8212; passed</th></tr><tr class="passedeven"><td rowspan="7">testcases.Admin</td><td><a href="#m6">TC02_Admin_CreateSystemUser</a></td><td rowspan="1">1710502392026</td><td rowspan="1">32733</td></tr><tr class="passedeven"><td><a href="#m7">TC03_Admin_LoginWithNewSystemUser</a></td><td rowspan="1">1710502426755</td><td rowspan="1">34801</td></tr><tr class="passedeven"><td><a href="#m8">TC04_Admin_CreateJobTitle</a></td><td rowspan="1">1710502463650</td><td rowspan="1">22188</td></tr><tr class="passedeven"><td><a href="#m9">TC05_Admin_CreateEmploymentStatus</a></td><td rowspan="1">1710502487599</td><td rowspan="1">21576</td></tr><tr class="passedeven"><td><a href="#m10">TC06_Admin_CreateJobCategory</a></td><td rowspan="1">1710502510710</td><td rowspan="1">21381</td></tr><tr class="passedeven"><td><a href="#m11">TC07_Admin_CreateWorkShift</a></td><td rowspan="1">1710502533775</td><td rowspan="1">23076</td></tr><tr class="passedeven"><td><a href="#m12">TC08_Admin_CreatePayGrade</a></td><td rowspan="1">1710502558616</td><td rowspan="1">26308</td></tr><tr class="passedodd"><td rowspan="1">testcases.Dashboard</td><td><a href="#m13">TC01_Dashboard_verifyDasboardMainMenus</a></td><td rowspan="1">1710502586657</td><td rowspan="1">9678</td></tr><tr class="passedeven"><td rowspan="4">testcases.Login</td><td><a href="#m14">TC01_Login_ValidCredentials</a></td><td rowspan="1">1710502341949</td><td rowspan="1">7541</td></tr><tr class="passedeven"><td><a href="#m15">TC02_Login_InvalidCredentials</a></td><td rowspan="3">1710502351620</td><td rowspan="3">7330</td></tr><tr class="passedeven"><td><a href="#m16">TC02_Login_InvalidCredentials</a></td></tr><tr class="passedeven"><td><a href="#m17">TC02_Login_InvalidCredentials</a></td></tr><tr class="passedodd"><td rowspan="5">testcases.PIM</td><td><a href="#m18">TC01_PIM_CreateEmployeeWithoutCreatingLoginDetails</a></td><td rowspan="1">1710502598038</td><td rowspan="1">30051</td></tr><tr class="passedodd"><td><a href="#m19">TC02_PIM_SearchEmployeeWithEmployeeId</a></td><td rowspan="1">1710502629748</td><td rowspan="1">30347</td></tr><tr class="passedodd"><td><a href="#m20">TC03_PIM_CreateEmployeeWithLoginDetails</a></td><td rowspan="1">1710502661858</td><td rowspan="1">48286</td></tr><tr class="passedodd"><td><a href="#m21">TC04_PIM_DeleteEmployee</a></td><td rowspan="1">1710502712041</td><td rowspan="1">47332</td></tr><tr class="passedodd"><td><a href="#m22">TC05_PIM_EditEmployeeName</a></td><td rowspan="1">1710502761309</td><td rowspan="1">56830</td></tr><tr class="passedeven"><td rowspan="1">testcases.Time</td><td><a href="#m23">TC03_Time_SubmitAndApproveTimesheet</a></td><td rowspan="1">1710503275666</td><td rowspan="1">60918</td></tr></tbody>
</table>
<h2>Test</h2><h3 id="m0">testcases.Admin#TC01_Admin_SearchUserByNameAndRole</h3><table class="result"><tr class="param"><th>Parameter #1</th></tr><tr class="param stripe"><td>{NumberOfUserRecords=1, Username=Admin, EmployeeName=Nikhil webTester, UserRole=Admin}</td></tr><tr><th>Exception</th></tr><tr><td><div class="stacktrace">java.lang.AssertionError: The EmployeeName displayed of the selected user is not as expected expected [Nikhil webTester] but found [Admin]
	at pages.AdminPage.verifyTableRecord(AdminPage.java:79)
	at testcases.Admin.TC01_Admin_SearchUserByNameAndRole(Admin.java:66)
	at java.base/java.util.ArrayList.forEach(ArrayList.java:1596)
... Removed 30 stack frames</div></td></tr></table><p class="totop"><a href="#summary">back to summary</a></p>
<h3 id="m1">testcases.Recruitment#TC01_Recruitment_AddVacancy</h3><table class="result"><tr class="param"><th>Parameter #1</th></tr><tr class="param stripe"><td>{EmployeeLastName=Shah, Status=Enabled, EmployeeFirstName=Priya, EmployeeMiddleName=Raj, Description=Collaborate closely with developers, product managers, and other members of the QA team to design and implement robust automation frameworks and test suites., VacancyStatus=Active, UserRole=Admin, UserPassword=R29vZHdpbGwxMjM0NQ==, VacancyName=QA Automation, NumOfPositions=5, JobTitle=QA Engineer}</td></tr><tr><th>Exception</th></tr><tr><td><div class="stacktrace">java.lang.AssertionError: The Vacancy displayed of the selected user is not as expected expected [QA Automation] but found [Associate IT Manager]
	at pages.RecruitmentPage.verifyVacancyTableRecord(RecruitmentPage.java:118)
	at testcases.Recruitment.TC01_Recruitment_AddVacancy(Recruitment.java:91)
	at java.base/java.util.ArrayList.forEach(ArrayList.java:1596)
... Removed 30 stack frames</div></td></tr></table><p class="totop"><a href="#summary">back to summary</a></p>
<h3 id="m2">testcases.Recruitment#TC02_Recruitment_AddCandidate</h3><table class="result"><tr class="param"><th>Parameter #1</th></tr><tr class="param stripe"><td>{EmployeeLastName=Shah, EmployeeFirstName=Diya, EmployeeMiddleName=M, Keywords=Selenium,JAVA,SQL,Eclipse, CandidateStatus=Application Initiated, VacancyName=QA Automation, Notes=Skilled QA Engineer}</td></tr><tr><th>Exception</th></tr><tr><td><div class="stacktrace">org.openqa.selenium.TimeoutException: Expected condition failed: waiting for visibility of element located by By.xpath: (//div[@class=&apos;oxd-table-cell oxd-padding-cell&apos; and @role=&apos;cell&apos;]//div)[3] (tried for 200 second(s) with 500 milliseconds interval)
Build info: version: &apos;3.141.59&apos;, revision: &apos;e82be7d358&apos;, time: &apos;2018-11-14T08:17:03&apos;
System info: host: &apos;ST242GUR&apos;, ip: &apos;10.185.61.125&apos;, os.name: &apos;Windows 11&apos;, os.arch: &apos;amd64&apos;, os.version: &apos;10.0&apos;, java.version: &apos;21.0.2&apos;
Driver info: org.openqa.selenium.chrome.ChromeDriver
Capabilities {acceptInsecureCerts: false, browserName: chrome, browserVersion: 122.0.6261.129, chrome: {chromedriverVersion: 122.0.6261.128 (f18a44fedeb..., userDataDir: C:\Users\SHARIK~1\AppData\L...}, fedcm:accounts: true, goog:chromeOptions: {debuggerAddress: localhost:56690}, javascriptEnabled: true, networkConnectionEnabled: false, pageLoadStrategy: normal, platform: WINDOWS, platformName: WINDOWS, proxy: Proxy(), setWindowRect: true, strictFileInteractability: false, timeouts: {implicit: 0, pageLoad: 300000, script: 30000}, unhandledPromptBehavior: dismiss and notify, webauthn:extension:credBlob: true, webauthn:extension:largeBlob: true, webauthn:extension:minPinLength: true, webauthn:extension:prf: true, webauthn:virtualAuthenticators: true}
Session ID: f7e1293d6605a0847296dc9b770f2629
	at org.openqa.selenium.support.ui.WebDriverWait.timeoutException(WebDriverWait.java:95)
	at org.openqa.selenium.support.ui.FluentWait.until(FluentWait.java:272)
	at helper.WebCtrls.getText(WebCtrls.java:229)
	at pages.RecruitmentPage.verifyCandidatesTableRecord(RecruitmentPage.java:207)
	at testcases.Recruitment.TC02_Recruitment_AddCandidate(Recruitment.java:141)
	at java.base/java.util.ArrayList.forEach(ArrayList.java:1596)
... Removed 25 stack frames</div></td></tr></table><p class="totop"><a href="#summary">back to summary</a></p>
<h3 id="m3">testcases.Recruitment#TC03_Recruitment_ShortlistCandidate</h3><table class="result"><tr class="param"><th>Parameter #1</th></tr><tr class="param stripe"><td>{EmployeeLastName=Shah, EmployeeFirstName=Diya, EmployeeMiddleName=M, Keywords=Selenium,JAVA,SQL,Eclipse, CandidateCurrentStatus=Shortlisted, VacancyName=QA Automation, Notes=Skilled QA Engineer, CandidateInitialStatus=Application Initiated}</td></tr><tr><th>Exception</th></tr><tr><td><div class="stacktrace">org.openqa.selenium.TimeoutException: Expected condition failed: waiting for visibility of element located by By.xpath: (//div[@class=&apos;oxd-table-cell oxd-padding-cell&apos; and @role=&apos;cell&apos;]//div)[7] (tried for 200 second(s) with 500 milliseconds interval)
Build info: version: &apos;3.141.59&apos;, revision: &apos;e82be7d358&apos;, time: &apos;2018-11-14T08:17:03&apos;
System info: host: &apos;ST242GUR&apos;, ip: &apos;10.185.61.125&apos;, os.name: &apos;Windows 11&apos;, os.arch: &apos;amd64&apos;, os.version: &apos;10.0&apos;, java.version: &apos;21.0.2&apos;
Driver info: org.openqa.selenium.chrome.ChromeDriver
Capabilities {acceptInsecureCerts: false, browserName: chrome, browserVersion: 122.0.6261.129, chrome: {chromedriverVersion: 122.0.6261.128 (f18a44fedeb..., userDataDir: C:\Users\SHARIK~1\AppData\L...}, fedcm:accounts: true, goog:chromeOptions: {debuggerAddress: localhost:56736}, javascriptEnabled: true, networkConnectionEnabled: false, pageLoadStrategy: normal, platform: WINDOWS, platformName: WINDOWS, proxy: Proxy(), setWindowRect: true, strictFileInteractability: false, timeouts: {implicit: 0, pageLoad: 300000, script: 30000}, unhandledPromptBehavior: dismiss and notify, webauthn:extension:credBlob: true, webauthn:extension:largeBlob: true, webauthn:extension:minPinLength: true, webauthn:extension:prf: true, webauthn:virtualAuthenticators: true}
Session ID: 6e14c1ec33431a50adb55ce2440ead6a
	at org.openqa.selenium.support.ui.WebDriverWait.timeoutException(WebDriverWait.java:95)
	at org.openqa.selenium.support.ui.FluentWait.until(FluentWait.java:272)
	at helper.WebCtrls.getText(WebCtrls.java:229)
	at pages.RecruitmentPage.verifyCandidatesTableRecord(RecruitmentPage.java:207)
	at testcases.Recruitment.TC03_Recruitment_ShortlistCandidate(Recruitment.java:187)
	at java.base/java.util.ArrayList.forEach(ArrayList.java:1596)
... Removed 25 stack frames</div></td></tr></table><p class="totop"><a href="#summary">back to summary</a></p>
<h3 id="m4">testcases.Time#TC01_Time_CreateTimesheet</h3><table class="result"><tr class="param"><th>Parameter #1</th></tr><tr class="param stripe"><td>{EmployeeLastName=Kapoor, TimesheetStatus=Not Submitted, EmployeeFirstName=Priya, Project=Apache Software Foundation, WedHours=8:00, FriHours=8:00, EmployeeMiddleName=Krish, ThrsHours=8:00, Activity=Bug Fixes, NumOfRows=1, TueHours=8:00, MonHours=8:00}</td></tr><tr><th>Exception</th></tr><tr><td><div class="stacktrace">org.openqa.selenium.TimeoutException: Expected condition failed: waiting for element to be clickable: Proxy element for: DefaultElementLocator &apos;By.xpath: //button[text()=&apos; Create Timesheet &apos;]&apos; (tried for 200 second(s) with 500 milliseconds interval)
	at org.openqa.selenium.support.ui.WebDriverWait.timeoutException(WebDriverWait.java:95)
	at org.openqa.selenium.support.ui.FluentWait.until(FluentWait.java:272)
	at helper.WebCtrls.buttonClick(WebCtrls.java:102)
	at pages.TimePage.createTimesheet(TimePage.java:108)
	at testcases.Time.TC01_Time_CreateTimesheet(Time.java:85)
	at java.base/java.util.ArrayList.forEach(ArrayList.java:1596)
Caused by: org.openqa.selenium.NoSuchElementException: no such element: Unable to locate element: {&quot;method&quot;:&quot;xpath&quot;,&quot;selector&quot;:&quot;//button[text()=&apos; Create Timesheet &apos;]&quot;}
  (Session info: chrome=122.0.6261.129)
For documentation on this error, please visit: https://www.seleniumhq.org/exceptions/no_such_element.html
Build info: version: &apos;3.141.59&apos;, revision: &apos;e82be7d358&apos;, time: &apos;2018-11-14T08:17:03&apos;
System info: host: &apos;ST242GUR&apos;, ip: &apos;10.185.61.125&apos;, os.name: &apos;Windows 11&apos;, os.arch: &apos;amd64&apos;, os.version: &apos;10.0&apos;, java.version: &apos;21.0.2&apos;
Driver info: org.openqa.selenium.chrome.ChromeDriver
Capabilities {acceptInsecureCerts: false, browserName: chrome, browserVersion: 122.0.6261.129, chrome: {chromedriverVersion: 122.0.6261.128 (f18a44fedeb..., userDataDir: C:\Users\SHARIK~1\AppData\L...}, fedcm:accounts: true, goog:chromeOptions: {debuggerAddress: localhost:56554}, javascriptEnabled: true, networkConnectionEnabled: false, pageLoadStrategy: normal, platform: WINDOWS, platformName: WINDOWS, proxy: Proxy(), setWindowRect: true, strictFileInteractability: false, timeouts: {implicit: 0, pageLoad: 300000, script: 30000}, unhandledPromptBehavior: dismiss and notify, webauthn:extension:credBlob: true, webauthn:extension:largeBlob: true, webauthn:extension:minPinLength: true, webauthn:extension:prf: true, webauthn:virtualAuthenticators: true}
Session ID: 62fbc6434d064c1fb8e5d65497ae633d
*** Element info: {Using=xpath, value=//button[text()=&apos; Create Timesheet &apos;]}
	at org.openqa.selenium.remote.http.W3CHttpResponseCodec.createException(W3CHttpResponseCodec.java:187)
	at org.openqa.selenium.remote.http.W3CHttpResponseCodec.decode(W3CHttpResponseCodec.java:122)
	at org.openqa.selenium.remote.http.W3CHttpResponseCodec.decode(W3CHttpResponseCodec.java:49)
	at org.openqa.selenium.remote.HttpCommandExecutor.execute(HttpCommandExecutor.java:158)
	at org.openqa.selenium.remote.service.DriverCommandExecutor.execute(DriverCommandExecutor.java:83)
	at org.openqa.selenium.remote.RemoteWebDriver.execute(RemoteWebDriver.java:552)
	at org.openqa.selenium.remote.RemoteWebDriver.findElement(RemoteWebDriver.java:323)
	at org.openqa.selenium.remote.RemoteWebDriver.findElementByXPath(RemoteWebDriver.java:428)
	at org.openqa.selenium.By$ByXPath.findElement(By.java:353)
	at org.openqa.selenium.remote.RemoteWebDriver.findElement(RemoteWebDriver.java:315)
	at org.openqa.selenium.support.pagefactory.DefaultElementLocator.findElement(DefaultElementLocator.java:69)
	at org.openqa.selenium.support.pagefactory.internal.LocatingElementHandler.invoke(LocatingElementHandler.java:38)
	at jdk.proxy2/jdk.proxy2.$Proxy32.isDisplayed(Unknown Source)
	at org.openqa.selenium.support.ui.ExpectedConditions.elementIfVisible(ExpectedConditions.java:314)
	at org.openqa.selenium.support.ui.ExpectedConditions.access$000(ExpectedConditions.java:43)
	at org.openqa.selenium.support.ui.ExpectedConditions$10.apply(ExpectedConditions.java:300)
	at org.openqa.selenium.support.ui.ExpectedConditions$10.apply(ExpectedConditions.java:297)
	at org.openqa.selenium.support.ui.ExpectedConditions$23.apply(ExpectedConditions.java:670)
	at org.openqa.selenium.support.ui.ExpectedConditions$23.apply(ExpectedConditions.java:666)
	at org.openqa.selenium.support.ui.FluentWait.until(FluentWait.java:249)
	... 29 more
... Removed 28 stack frames</div></td></tr></table><p class="totop"><a href="#summary">back to summary</a></p>
<h3 id="m5">testcases.Time#TC02_Time_CreateTimesheetWithMultipleProjects</h3><table class="result"><tr class="param"><th>Parameter #1</th></tr><tr class="param stripe"><td>{TimesheetStatus=Not Submitted, EmployeeFirstName=Diya, FriHours=8:00, Activity1=Bug Fixes, Activity2=Bug Fixes, ThrsHours=8:00, Project2=The Coca-Cola Company, NumOfRows=2, Project1=Apache Software Foundation, TueHours=8:00, MonHours=8:00, EmployeeLastName=Kapoor, WedHours=8:00, EmployeeMiddleName=Krish}</td></tr><tr><th>Exception</th></tr><tr><td><div class="stacktrace">org.openqa.selenium.TimeoutException: Expected condition failed: waiting for element to be clickable: Proxy element for: DefaultElementLocator &apos;By.xpath: //button[text()=&apos; Create Timesheet &apos;]&apos; (tried for 200 second(s) with 500 milliseconds interval)
	at org.openqa.selenium.support.ui.WebDriverWait.timeoutException(WebDriverWait.java:95)
	at org.openqa.selenium.support.ui.FluentWait.until(FluentWait.java:272)
	at helper.WebCtrls.buttonClick(WebCtrls.java:102)
	at pages.TimePage.createTimesheet(TimePage.java:108)
	at testcases.Time.TC02_Time_CreateTimesheetWithMultipleProjects(Time.java:135)
	at java.base/java.util.ArrayList.forEach(ArrayList.java:1596)
Caused by: org.openqa.selenium.NoSuchElementException: no such element: Unable to locate element: {&quot;method&quot;:&quot;xpath&quot;,&quot;selector&quot;:&quot;//button[text()=&apos; Create Timesheet &apos;]&quot;}
  (Session info: chrome=122.0.6261.129)
For documentation on this error, please visit: https://www.seleniumhq.org/exceptions/no_such_element.html
Build info: version: &apos;3.141.59&apos;, revision: &apos;e82be7d358&apos;, time: &apos;2018-11-14T08:17:03&apos;
System info: host: &apos;ST242GUR&apos;, ip: &apos;10.185.61.125&apos;, os.name: &apos;Windows 11&apos;, os.arch: &apos;amd64&apos;, os.version: &apos;10.0&apos;, java.version: &apos;21.0.2&apos;
Driver info: org.openqa.selenium.chrome.ChromeDriver
Capabilities {acceptInsecureCerts: false, browserName: chrome, browserVersion: 122.0.6261.129, chrome: {chromedriverVersion: 122.0.6261.128 (f18a44fedeb..., userDataDir: C:\Users\SHARIK~1\AppData\L...}, fedcm:accounts: true, goog:chromeOptions: {debuggerAddress: localhost:56590}, javascriptEnabled: true, networkConnectionEnabled: false, pageLoadStrategy: normal, platform: WINDOWS, platformName: WINDOWS, proxy: Proxy(), setWindowRect: true, strictFileInteractability: false, timeouts: {implicit: 0, pageLoad: 300000, script: 30000}, unhandledPromptBehavior: dismiss and notify, webauthn:extension:credBlob: true, webauthn:extension:largeBlob: true, webauthn:extension:minPinLength: true, webauthn:extension:prf: true, webauthn:virtualAuthenticators: true}
Session ID: a5378c3de58327f874fad006f48a8a44
*** Element info: {Using=xpath, value=//button[text()=&apos; Create Timesheet &apos;]}
	at org.openqa.selenium.remote.http.W3CHttpResponseCodec.createException(W3CHttpResponseCodec.java:187)
	at org.openqa.selenium.remote.http.W3CHttpResponseCodec.decode(W3CHttpResponseCodec.java:122)
	at org.openqa.selenium.remote.http.W3CHttpResponseCodec.decode(W3CHttpResponseCodec.java:49)
	at org.openqa.selenium.remote.HttpCommandExecutor.execute(HttpCommandExecutor.java:158)
	at org.openqa.selenium.remote.service.DriverCommandExecutor.execute(DriverCommandExecutor.java:83)
	at org.openqa.selenium.remote.RemoteWebDriver.execute(RemoteWebDriver.java:552)
	at org.openqa.selenium.remote.RemoteWebDriver.findElement(RemoteWebDriver.java:323)
	at org.openqa.selenium.remote.RemoteWebDriver.findElementByXPath(RemoteWebDriver.java:428)
	at org.openqa.selenium.By$ByXPath.findElement(By.java:353)
	at org.openqa.selenium.remote.RemoteWebDriver.findElement(RemoteWebDriver.java:315)
	at org.openqa.selenium.support.pagefactory.DefaultElementLocator.findElement(DefaultElementLocator.java:69)
	at org.openqa.selenium.support.pagefactory.internal.LocatingElementHandler.invoke(LocatingElementHandler.java:38)
	at jdk.proxy2/jdk.proxy2.$Proxy32.isDisplayed(Unknown Source)
	at org.openqa.selenium.support.ui.ExpectedConditions.elementIfVisible(ExpectedConditions.java:314)
	at org.openqa.selenium.support.ui.ExpectedConditions.access$000(ExpectedConditions.java:43)
	at org.openqa.selenium.support.ui.ExpectedConditions$10.apply(ExpectedConditions.java:300)
	at org.openqa.selenium.support.ui.ExpectedConditions$10.apply(ExpectedConditions.java:297)
	at org.openqa.selenium.support.ui.ExpectedConditions$23.apply(ExpectedConditions.java:670)
	at org.openqa.selenium.support.ui.ExpectedConditions$23.apply(ExpectedConditions.java:666)
	at org.openqa.selenium.support.ui.FluentWait.until(FluentWait.java:249)
	... 29 more
... Removed 28 stack frames</div></td></tr></table><p class="totop"><a href="#summary">back to summary</a></p>
<h3 id="m6">testcases.Admin#TC02_Admin_CreateSystemUser</h3><table class="result"><tr class="param"><th>Parameter #1</th></tr><tr class="param stripe"><td>{EmployeeLastName=Sharma, Status=Enabled, EmployeeFirstName=Priya, UserPassword=R29vZHdpbGwxMjM0NQ==, EmployeeMiddleName=Raj, UserRole=Admin}</td></tr></table><p class="totop"><a href="#summary">back to summary</a></p>
<h3 id="m7">testcases.Admin#TC03_Admin_LoginWithNewSystemUser</h3><table class="result"><tr class="param"><th>Parameter #1</th></tr><tr class="param stripe"><td>{EmployeeLastName=Sharma, Status=Enabled, EmployeeFirstName=Nidhi, UserPassword=R29vZHdpbGwxMjM0NQ==, EmployeeMiddleName=Raj, UserRole=Admin}</td></tr></table><p class="totop"><a href="#summary">back to summary</a></p>
<h3 id="m8">testcases.Admin#TC04_Admin_CreateJobTitle</h3><table class="result"><tr class="param"><th>Parameter #1</th></tr><tr class="param stripe"><td>{JobTitle=AssociateQA, JobDescription=Software Testing}</td></tr></table><p class="totop"><a href="#summary">back to summary</a></p>
<h3 id="m9">testcases.Admin#TC05_Admin_CreateEmploymentStatus</h3><table class="result"><tr class="param"><th>Parameter #1</th></tr><tr class="param stripe"><td>{EmploymentStatus=Full-Time Internship}</td></tr></table><p class="totop"><a href="#summary">back to summary</a></p>
<h3 id="m10">testcases.Admin#TC06_Admin_CreateJobCategory</h3><table class="result"><tr class="param"><th>Parameter #1</th></tr><tr class="param stripe"><td>{JobCategory=Search And Online Marketing}</td></tr></table><p class="totop"><a href="#summary">back to summary</a></p>
<h3 id="m11">testcases.Admin#TC07_Admin_CreateWorkShift</h3><table class="result"><tr class="param"><th>Parameter #1</th></tr><tr class="param stripe"><td>{FromTime=08:00 AM, WorkShiftName=Morning Shift, ToTime=05:00 PM}</td></tr></table><p class="totop"><a href="#summary">back to summary</a></p>
<h3 id="m12">testcases.Admin#TC08_Admin_CreatePayGrade</h3><table class="result"><tr class="param"><th>Parameter #1</th></tr><tr class="param stripe"><td>{MaxSalary=1000, MinSalary=10, PayGrade=Grade 10, Currency=EUR - Euro}</td></tr></table><p class="totop"><a href="#summary">back to summary</a></p>
<h3 id="m13">testcases.Dashboard#TC01_Dashboard_verifyDasboardMainMenus</h3><table class="result"><tr class="param"><th>Parameter #1</th></tr><tr class="param stripe"><td>{TabName3=Leave, TabName2=PIM, TabName1=Admin, TabName10=Maintenance, TabName7=Performance, TabName6=My Info, TabName5=Recruitment, TabName4=Time, TabName9=Directory, TabName8=Dashboard, TabName12=Buzz, TabName11=Claim}</td></tr></table><p class="totop"><a href="#summary">back to summary</a></p>
<h3 id="m14">testcases.Login#TC01_Login_ValidCredentials</h3><table class="result"><tr class="param"><th>Parameter #1</th></tr><tr class="param stripe"><td>{Username=Admin, Password=YWRtaW4xMjM=}</td></tr></table><p class="totop"><a href="#summary">back to summary</a></p>
<h3 id="m15">testcases.Login#TC02_Login_InvalidCredentials</h3><table class="result"><tr class="param"><th>Parameter #1</th></tr><tr class="param stripe"><td>{ErrorMessage=Invalid credentials, Username=Admin, Password=YWRtaW4xMjM0}</td></tr></table><p class="totop"><a href="#summary">back to summary</a></p>
<h3 id="m16">testcases.Login#TC02_Login_InvalidCredentials</h3><table class="result"><tr class="param"><th>Parameter #1</th></tr><tr class="param stripe"><td>{ErrorMessage=Invalid credentials, Username=Admin1, Password=YWRtaW4xMjM=}</td></tr></table><p class="totop"><a href="#summary">back to summary</a></p>
<h3 id="m17">testcases.Login#TC02_Login_InvalidCredentials</h3><table class="result"><tr class="param"><th>Parameter #1</th></tr><tr class="param stripe"><td>{ErrorMessage=Invalid credentials, Username=Admin1, Password=YWRtaW4xMjM0}</td></tr></table><p class="totop"><a href="#summary">back to summary</a></p>
<h3 id="m18">testcases.PIM#TC01_PIM_CreateEmployeeWithoutCreatingLoginDetails</h3><table class="result"><tr class="param"><th>Parameter #1</th></tr><tr class="param stripe"><td>{EmployeeLastName=Kapoor}</td></tr></table><p class="totop"><a href="#summary">back to summary</a></p>
<h3 id="m19">testcases.PIM#TC02_PIM_SearchEmployeeWithEmployeeId</h3><table class="result"><tr class="param"><th>Parameter #1</th></tr><tr class="param stripe"><td>{EmployeeLastName=Kapoor}</td></tr></table><p class="totop"><a href="#summary">back to summary</a></p>
<h3 id="m20">testcases.PIM#TC03_PIM_CreateEmployeeWithLoginDetails</h3><table class="result"><tr class="param"><th>Parameter #1</th></tr><tr class="param stripe"><td>{EmployeeLastName=Kapoor, NewEmployeePassword=R29vZHdpbGwxMjM0NQ==}</td></tr></table><p class="totop"><a href="#summary">back to summary</a></p>
<h3 id="m21">testcases.PIM#TC04_PIM_DeleteEmployee</h3><table class="result"><tr class="param"><th>Parameter #1</th></tr><tr class="param stripe"><td>{EmployeeLastName=Kapoor}</td></tr></table><p class="totop"><a href="#summary">back to summary</a></p>
<h3 id="m22">testcases.PIM#TC05_PIM_EditEmployeeName</h3><table class="result"><tr class="param"><th>Parameter #1</th></tr><tr class="param stripe"><td>{EmployeeLastName=Kapoor, EmployeeNewLastName=Sharma}</td></tr></table><p class="totop"><a href="#summary">back to summary</a></p>
<h3 id="m23">testcases.Time#TC03_Time_SubmitAndApproveTimesheet</h3><table class="result"><tr class="param"><th>Parameter #1</th></tr><tr class="param stripe"><td>{EmployeeFirstName=Riya, FriHours=8:00, ThrsHours=8:00, ApprovalComment=Good.Approved , Activity=Bug Fixes, NumOfRows=1, TueHours=8:00, MonHours=8:00, EmployeeLastName=Kapoor, Project=Apache Software Foundation, WedHours=8:00, EmployeeMiddleName=Krish, TimesheetStatus1=Not Submitted, TimesheetStatus2=Submitted, TimesheetStatus3=Approved}</td></tr></table><p class="totop"><a href="#summary">back to summary</a></p>
</body>
</html>
